{"C:\\College Committies\\Unicode Lp_tasks\\Task1\\index.js": {"path":"C:\\College Committies\\Unicode Lp_tasks\\Task1\\index.js","statementMap":{"0":{"start":{"line":2,"column":12},"end":{"line":2,"column":21}},"1":{"start":{"line":11,"column":0},"end":{"line":11,"column":24}},"2":{"start":{"line":12,"column":0},"end":{"line":12,"column":13}},"3":{"start":{"line":13,"column":13},"end":{"line":13,"column":29}},"4":{"start":{"line":14,"column":12},"end":{"line":14,"column":35}},"5":{"start":{"line":16,"column":0},"end":{"line":16,"column":20}},"6":{"start":{"line":18,"column":0},"end":{"line":23,"column":2}},"7":{"start":{"line":25,"column":0},"end":{"line":25,"column":25}},"8":{"start":{"line":27,"column":0},"end":{"line":27,"column":24}},"9":{"start":{"line":28,"column":0},"end":{"line":28,"column":48}},"10":{"start":{"line":29,"column":0},"end":{"line":29,"column":30}},"11":{"start":{"line":30,"column":0},"end":{"line":30,"column":35}},"12":{"start":{"line":31,"column":0},"end":{"line":31,"column":39}},"13":{"start":{"line":33,"column":0},"end":{"line":35,"column":3}},"14":{"start":{"line":34,"column":2},"end":{"line":34,"column":29}},"15":{"start":{"line":37,"column":0},"end":{"line":39,"column":3}},"16":{"start":{"line":38,"column":2},"end":{"line":38,"column":50}}},"fnMap":{"0":{"name":"(anonymous_0)","decl":{"start":{"line":33,"column":13},"end":{"line":33,"column":14}},"loc":{"start":{"line":33,"column":27},"end":{"line":35,"column":1}},"line":33},"1":{"name":"(anonymous_1)","decl":{"start":{"line":37,"column":17},"end":{"line":37,"column":18}},"loc":{"start":{"line":37,"column":23},"end":{"line":39,"column":1}},"line":37}},"branchMap":{},"s":{"0":1,"1":1,"2":1,"3":1,"4":1,"5":1,"6":1,"7":1,"8":1,"9":1,"10":1,"11":1,"12":1,"13":1,"14":0,"15":1,"16":0},"f":{"0":0,"1":0},"b":{},"_coverageSchema":"1a1c01bbd47fc00a2c39e90264f33305004495a9","hash":"a189eab98f99dbbf4b1100502c0e2417769b9605"}
,"C:\\College Committies\\Unicode Lp_tasks\\Task1\\config\\cloudinary.js": {"path":"C:\\College Committies\\Unicode Lp_tasks\\Task1\\config\\cloudinary.js","statementMap":{"0":{"start":{"line":3,"column":0},"end":{"line":3,"column":13}},"1":{"start":{"line":5,"column":0},"end":{"line":9,"column":3}}},"fnMap":{},"branchMap":{},"s":{"0":1,"1":1},"f":{},"b":{},"_coverageSchema":"1a1c01bbd47fc00a2c39e90264f33305004495a9","hash":"dd6fa0b9dbc91214fb8a7a96e3611f8c7069684c"}
,"C:\\College Committies\\Unicode Lp_tasks\\Task1\\config\\connection.js": {"path":"C:\\College Committies\\Unicode Lp_tasks\\Task1\\config\\connection.js","statementMap":{"0":{"start":{"line":4,"column":2},"end":{"line":11,"column":7}},"1":{"start":{"line":7,"column":6},"end":{"line":7,"column":43}},"2":{"start":{"line":10,"column":6},"end":{"line":10,"column":23}}},"fnMap":{"0":{"name":"ConnectMongoDb","decl":{"start":{"line":3,"column":15},"end":{"line":3,"column":29}},"loc":{"start":{"line":3,"column":35},"end":{"line":12,"column":1}},"line":3},"1":{"name":"(anonymous_1)","decl":{"start":{"line":6,"column":10},"end":{"line":6,"column":11}},"loc":{"start":{"line":6,"column":16},"end":{"line":8,"column":5}},"line":6},"2":{"name":"(anonymous_2)","decl":{"start":{"line":9,"column":11},"end":{"line":9,"column":12}},"loc":{"start":{"line":9,"column":20},"end":{"line":11,"column":5}},"line":9}},"branchMap":{},"s":{"0":1,"1":0,"2":0},"f":{"0":1,"1":0,"2":0},"b":{},"_coverageSchema":"1a1c01bbd47fc00a2c39e90264f33305004495a9","hash":"7b9241d45d3ca51d341d228d2f1be8f5f1abfd5b"}
,"C:\\College Committies\\Unicode Lp_tasks\\Task1\\controllers\\BlogC.js": {"path":"C:\\College Committies\\Unicode Lp_tasks\\Task1\\controllers\\BlogC.js","statementMap":{"0":{"start":{"line":4,"column":19},"end":{"line":29,"column":1}},"1":{"start":{"line":5,"column":2},"end":{"line":28,"column":3}},"2":{"start":{"line":6,"column":49},"end":{"line":6,"column":57}},"3":{"start":{"line":7,"column":22},"end":{"line":7,"column":47}},"4":{"start":{"line":8,"column":22},"end":{"line":11,"column":5}},"5":{"start":{"line":12,"column":20},"end":{"line":12,"column":42}},"6":{"start":{"line":13,"column":20},"end":{"line":20,"column":6}},"7":{"start":{"line":21,"column":4},"end":{"line":21,"column":25}},"8":{"start":{"line":22,"column":4},"end":{"line":24,"column":69}},"9":{"start":{"line":26,"column":4},"end":{"line":26,"column":23}},"10":{"start":{"line":27,"column":4},"end":{"line":27,"column":61}},"11":{"start":{"line":31,"column":20},"end":{"line":39,"column":1}},"12":{"start":{"line":32,"column":2},"end":{"line":38,"column":3}},"13":{"start":{"line":33,"column":18},"end":{"line":33,"column":40}},"14":{"start":{"line":34,"column":4},"end":{"line":34,"column":39}},"15":{"start":{"line":36,"column":4},"end":{"line":36,"column":23}},"16":{"start":{"line":37,"column":4},"end":{"line":37,"column":74}},"17":{"start":{"line":41,"column":23},"end":{"line":50,"column":1}},"18":{"start":{"line":42,"column":2},"end":{"line":49,"column":3}},"19":{"start":{"line":43,"column":19},"end":{"line":43,"column":34}},"20":{"start":{"line":44,"column":18},"end":{"line":44,"column":61}},"21":{"start":{"line":45,"column":4},"end":{"line":45,"column":39}},"22":{"start":{"line":47,"column":4},"end":{"line":47,"column":23}},"23":{"start":{"line":48,"column":4},"end":{"line":48,"column":74}},"24":{"start":{"line":51,"column":26},"end":{"line":60,"column":1}},"25":{"start":{"line":52,"column":2},"end":{"line":59,"column":3}},"26":{"start":{"line":53,"column":22},"end":{"line":53,"column":43}},"27":{"start":{"line":54,"column":18},"end":{"line":54,"column":64}},"28":{"start":{"line":55,"column":4},"end":{"line":55,"column":39}},"29":{"start":{"line":57,"column":4},"end":{"line":57,"column":23}},"30":{"start":{"line":58,"column":4},"end":{"line":58,"column":74}},"31":{"start":{"line":62,"column":19},"end":{"line":72,"column":1}},"32":{"start":{"line":63,"column":2},"end":{"line":71,"column":3}},"33":{"start":{"line":64,"column":17},"end":{"line":66,"column":6}},"34":{"start":{"line":67,"column":4},"end":{"line":67,"column":38}},"35":{"start":{"line":69,"column":4},"end":{"line":69,"column":23}},"36":{"start":{"line":70,"column":4},"end":{"line":70,"column":73}},"37":{"start":{"line":74,"column":19},"end":{"line":82,"column":1}},"38":{"start":{"line":75,"column":2},"end":{"line":81,"column":3}},"39":{"start":{"line":76,"column":4},"end":{"line":76,"column":53}},"40":{"start":{"line":77,"column":4},"end":{"line":77,"column":66}},"41":{"start":{"line":79,"column":4},"end":{"line":79,"column":23}},"42":{"start":{"line":80,"column":4},"end":{"line":80,"column":73}}},"fnMap":{"0":{"name":"(anonymous_0)","decl":{"start":{"line":4,"column":19},"end":{"line":4,"column":20}},"loc":{"start":{"line":4,"column":39},"end":{"line":29,"column":1}},"line":4},"1":{"name":"(anonymous_1)","decl":{"start":{"line":31,"column":20},"end":{"line":31,"column":21}},"loc":{"start":{"line":31,"column":40},"end":{"line":39,"column":1}},"line":31},"2":{"name":"(anonymous_2)","decl":{"start":{"line":41,"column":23},"end":{"line":41,"column":24}},"loc":{"start":{"line":41,"column":43},"end":{"line":50,"column":1}},"line":41},"3":{"name":"(anonymous_3)","decl":{"start":{"line":51,"column":26},"end":{"line":51,"column":27}},"loc":{"start":{"line":51,"column":46},"end":{"line":60,"column":1}},"line":51},"4":{"name":"(anonymous_4)","decl":{"start":{"line":62,"column":19},"end":{"line":62,"column":20}},"loc":{"start":{"line":62,"column":39},"end":{"line":72,"column":1}},"line":62},"5":{"name":"(anonymous_5)","decl":{"start":{"line":74,"column":19},"end":{"line":74,"column":20}},"loc":{"start":{"line":74,"column":39},"end":{"line":82,"column":1}},"line":74}},"branchMap":{},"s":{"0":1,"1":0,"2":0,"3":0,"4":0,"5":0,"6":0,"7":0,"8":0,"9":0,"10":0,"11":1,"12":0,"13":0,"14":0,"15":0,"16":0,"17":1,"18":0,"19":0,"20":0,"21":0,"22":0,"23":0,"24":1,"25":0,"26":0,"27":0,"28":0,"29":0,"30":0,"31":1,"32":0,"33":0,"34":0,"35":0,"36":0,"37":1,"38":0,"39":0,"40":0,"41":0,"42":0},"f":{"0":0,"1":0,"2":0,"3":0,"4":0,"5":0},"b":{},"_coverageSchema":"1a1c01bbd47fc00a2c39e90264f33305004495a9","hash":"f64680637482aa84af09ea7f2aa7c51022bee88a"}
,"C:\\College Committies\\Unicode Lp_tasks\\Task1\\controllers\\CompanyC.js": {"path":"C:\\College Committies\\Unicode Lp_tasks\\Task1\\controllers\\CompanyC.js","statementMap":{"0":{"start":{"line":7,"column":0},"end":{"line":7,"column":13}},"1":{"start":{"line":8,"column":15},"end":{"line":8,"column":36}},"2":{"start":{"line":10,"column":22},"end":{"line":37,"column":1}},"3":{"start":{"line":11,"column":2},"end":{"line":36,"column":3}},"4":{"start":{"line":12,"column":64},"end":{"line":12,"column":72}},"5":{"start":{"line":13,"column":28},"end":{"line":13,"column":65}},"6":{"start":{"line":14,"column":4},"end":{"line":18,"column":5}},"7":{"start":{"line":15,"column":6},"end":{"line":17,"column":61}},"8":{"start":{"line":19,"column":17},"end":{"line":19,"column":41}},"9":{"start":{"line":20,"column":27},"end":{"line":20,"column":60}},"10":{"start":{"line":21,"column":23},"end":{"line":27,"column":6}},"11":{"start":{"line":28,"column":4},"end":{"line":28,"column":28}},"12":{"start":{"line":29,"column":4},"end":{"line":32,"column":7}},"13":{"start":{"line":34,"column":4},"end":{"line":34,"column":39}},"14":{"start":{"line":35,"column":4},"end":{"line":35,"column":61}},"15":{"start":{"line":39,"column":21},"end":{"line":58,"column":1}},"16":{"start":{"line":40,"column":2},"end":{"line":57,"column":3}},"17":{"start":{"line":41,"column":32},"end":{"line":41,"column":40}},"18":{"start":{"line":42,"column":20},"end":{"line":42,"column":57}},"19":{"start":{"line":43,"column":4},"end":{"line":47,"column":5}},"20":{"start":{"line":44,"column":6},"end":{"line":46,"column":61}},"21":{"start":{"line":48,"column":18},"end":{"line":48,"column":66}},"22":{"start":{"line":49,"column":4},"end":{"line":51,"column":5}},"23":{"start":{"line":50,"column":6},"end":{"line":50,"column":67}},"24":{"start":{"line":52,"column":18},"end":{"line":52,"column":62}},"25":{"start":{"line":53,"column":4},"end":{"line":53,"column":52}},"26":{"start":{"line":55,"column":4},"end":{"line":55,"column":38}},"27":{"start":{"line":56,"column":4},"end":{"line":56,"column":61}},"28":{"start":{"line":60,"column":20},"end":{"line":75,"column":1}},"29":{"start":{"line":61,"column":2},"end":{"line":74,"column":3}},"30":{"start":{"line":62,"column":22},"end":{"line":62,"column":43}},"31":{"start":{"line":63,"column":20},"end":{"line":63,"column":58}},"32":{"start":{"line":64,"column":4},"end":{"line":64,"column":25}},"33":{"start":{"line":65,"column":4},"end":{"line":69,"column":5}},"34":{"start":{"line":66,"column":6},"end":{"line":68,"column":61}},"35":{"start":{"line":70,"column":4},"end":{"line":70,"column":41}},"36":{"start":{"line":72,"column":4},"end":{"line":72,"column":38}},"37":{"start":{"line":73,"column":4},"end":{"line":73,"column":61}},"38":{"start":{"line":77,"column":22},"end":{"line":96,"column":1}},"39":{"start":{"line":78,"column":2},"end":{"line":95,"column":3}},"40":{"start":{"line":79,"column":22},"end":{"line":79,"column":43}},"41":{"start":{"line":80,"column":20},"end":{"line":82,"column":6}},"42":{"start":{"line":83,"column":4},"end":{"line":87,"column":5}},"43":{"start":{"line":84,"column":6},"end":{"line":86,"column":61}},"44":{"start":{"line":88,"column":4},"end":{"line":91,"column":7}},"45":{"start":{"line":93,"column":4},"end":{"line":93,"column":38}},"46":{"start":{"line":94,"column":4},"end":{"line":94,"column":61}},"47":{"start":{"line":98,"column":22},"end":{"line":109,"column":1}},"48":{"start":{"line":99,"column":2},"end":{"line":108,"column":3}},"49":{"start":{"line":100,"column":22},"end":{"line":100,"column":43}},"50":{"start":{"line":101,"column":20},"end":{"line":101,"column":67}},"51":{"start":{"line":102,"column":4},"end":{"line":104,"column":7}},"52":{"start":{"line":106,"column":4},"end":{"line":106,"column":38}},"53":{"start":{"line":107,"column":4},"end":{"line":107,"column":61}},"54":{"start":{"line":111,"column":23},"end":{"line":128,"column":1}},"55":{"start":{"line":112,"column":2},"end":{"line":127,"column":3}},"56":{"start":{"line":113,"column":22},"end":{"line":113,"column":43}},"57":{"start":{"line":114,"column":20},"end":{"line":117,"column":5}},"58":{"start":{"line":118,"column":4},"end":{"line":122,"column":5}},"59":{"start":{"line":119,"column":6},"end":{"line":121,"column":66}},"60":{"start":{"line":123,"column":4},"end":{"line":123,"column":52}},"61":{"start":{"line":125,"column":4},"end":{"line":125,"column":38}},"62":{"start":{"line":126,"column":4},"end":{"line":126,"column":61}},"63":{"start":{"line":130,"column":24},"end":{"line":153,"column":1}},"64":{"start":{"line":131,"column":2},"end":{"line":152,"column":3}},"65":{"start":{"line":132,"column":22},"end":{"line":132,"column":43}},"66":{"start":{"line":133,"column":24},"end":{"line":133,"column":37}},"67":{"start":{"line":134,"column":22},"end":{"line":134,"column":64}},"68":{"start":{"line":135,"column":20},"end":{"line":135,"column":58}},"69":{"start":{"line":136,"column":4},"end":{"line":140,"column":5}},"70":{"start":{"line":137,"column":6},"end":{"line":139,"column":61}},"71":{"start":{"line":141,"column":4},"end":{"line":141,"column":41}},"72":{"start":{"line":142,"column":4},"end":{"line":142,"column":34}},"73":{"start":{"line":143,"column":4},"end":{"line":143,"column":32}},"74":{"start":{"line":144,"column":4},"end":{"line":144,"column":27}},"75":{"start":{"line":145,"column":4},"end":{"line":145,"column":25}},"76":{"start":{"line":146,"column":4},"end":{"line":148,"column":63}},"77":{"start":{"line":150,"column":4},"end":{"line":150,"column":38}},"78":{"start":{"line":151,"column":4},"end":{"line":151,"column":61}},"79":{"start":{"line":155,"column":21},"end":{"line":178,"column":1}},"80":{"start":{"line":156,"column":2},"end":{"line":177,"column":3}},"81":{"start":{"line":157,"column":22},"end":{"line":157,"column":43}},"82":{"start":{"line":158,"column":24},"end":{"line":158,"column":37}},"83":{"start":{"line":159,"column":22},"end":{"line":159,"column":64}},"84":{"start":{"line":160,"column":20},"end":{"line":160,"column":58}},"85":{"start":{"line":161,"column":4},"end":{"line":165,"column":5}},"86":{"start":{"line":162,"column":6},"end":{"line":164,"column":61}},"87":{"start":{"line":166,"column":4},"end":{"line":166,"column":41}},"88":{"start":{"line":167,"column":4},"end":{"line":167,"column":42}},"89":{"start":{"line":168,"column":4},"end":{"line":168,"column":37}},"90":{"start":{"line":169,"column":4},"end":{"line":169,"column":27}},"91":{"start":{"line":170,"column":4},"end":{"line":170,"column":25}},"92":{"start":{"line":171,"column":4},"end":{"line":173,"column":61}},"93":{"start":{"line":175,"column":4},"end":{"line":175,"column":38}},"94":{"start":{"line":176,"column":4},"end":{"line":176,"column":61}}},"fnMap":{"0":{"name":"(anonymous_0)","decl":{"start":{"line":10,"column":22},"end":{"line":10,"column":23}},"loc":{"start":{"line":10,"column":42},"end":{"line":37,"column":1}},"line":10},"1":{"name":"(anonymous_1)","decl":{"start":{"line":39,"column":21},"end":{"line":39,"column":22}},"loc":{"start":{"line":39,"column":41},"end":{"line":58,"column":1}},"line":39},"2":{"name":"(anonymous_2)","decl":{"start":{"line":60,"column":20},"end":{"line":60,"column":21}},"loc":{"start":{"line":60,"column":40},"end":{"line":75,"column":1}},"line":60},"3":{"name":"(anonymous_3)","decl":{"start":{"line":77,"column":22},"end":{"line":77,"column":23}},"loc":{"start":{"line":77,"column":42},"end":{"line":96,"column":1}},"line":77},"4":{"name":"(anonymous_4)","decl":{"start":{"line":98,"column":22},"end":{"line":98,"column":23}},"loc":{"start":{"line":98,"column":42},"end":{"line":109,"column":1}},"line":98},"5":{"name":"(anonymous_5)","decl":{"start":{"line":111,"column":23},"end":{"line":111,"column":24}},"loc":{"start":{"line":111,"column":43},"end":{"line":128,"column":1}},"line":111},"6":{"name":"(anonymous_6)","decl":{"start":{"line":130,"column":24},"end":{"line":130,"column":25}},"loc":{"start":{"line":130,"column":44},"end":{"line":153,"column":1}},"line":130},"7":{"name":"(anonymous_7)","decl":{"start":{"line":155,"column":21},"end":{"line":155,"column":22}},"loc":{"start":{"line":155,"column":41},"end":{"line":178,"column":1}},"line":155}},"branchMap":{"0":{"loc":{"start":{"line":14,"column":4},"end":{"line":18,"column":5}},"type":"if","locations":[{"start":{"line":14,"column":4},"end":{"line":18,"column":5}},{"start":{},"end":{}}],"line":14},"1":{"loc":{"start":{"line":43,"column":4},"end":{"line":47,"column":5}},"type":"if","locations":[{"start":{"line":43,"column":4},"end":{"line":47,"column":5}},{"start":{},"end":{}}],"line":43},"2":{"loc":{"start":{"line":49,"column":4},"end":{"line":51,"column":5}},"type":"if","locations":[{"start":{"line":49,"column":4},"end":{"line":51,"column":5}},{"start":{},"end":{}}],"line":49},"3":{"loc":{"start":{"line":65,"column":4},"end":{"line":69,"column":5}},"type":"if","locations":[{"start":{"line":65,"column":4},"end":{"line":69,"column":5}},{"start":{},"end":{}}],"line":65},"4":{"loc":{"start":{"line":83,"column":4},"end":{"line":87,"column":5}},"type":"if","locations":[{"start":{"line":83,"column":4},"end":{"line":87,"column":5}},{"start":{},"end":{}}],"line":83},"5":{"loc":{"start":{"line":118,"column":4},"end":{"line":122,"column":5}},"type":"if","locations":[{"start":{"line":118,"column":4},"end":{"line":122,"column":5}},{"start":{},"end":{}}],"line":118},"6":{"loc":{"start":{"line":136,"column":4},"end":{"line":140,"column":5}},"type":"if","locations":[{"start":{"line":136,"column":4},"end":{"line":140,"column":5}},{"start":{},"end":{}}],"line":136},"7":{"loc":{"start":{"line":161,"column":4},"end":{"line":165,"column":5}},"type":"if","locations":[{"start":{"line":161,"column":4},"end":{"line":165,"column":5}},{"start":{},"end":{}}],"line":161}},"s":{"0":1,"1":1,"2":1,"3":0,"4":0,"5":0,"6":0,"7":0,"8":0,"9":0,"10":0,"11":0,"12":0,"13":0,"14":0,"15":1,"16":0,"17":0,"18":0,"19":0,"20":0,"21":0,"22":0,"23":0,"24":0,"25":0,"26":0,"27":0,"28":1,"29":0,"30":0,"31":0,"32":0,"33":0,"34":0,"35":0,"36":0,"37":0,"38":1,"39":0,"40":0,"41":0,"42":0,"43":0,"44":0,"45":0,"46":0,"47":1,"48":0,"49":0,"50":0,"51":0,"52":0,"53":0,"54":1,"55":0,"56":0,"57":0,"58":0,"59":0,"60":0,"61":0,"62":0,"63":1,"64":0,"65":0,"66":0,"67":0,"68":0,"69":0,"70":0,"71":0,"72":0,"73":0,"74":0,"75":0,"76":0,"77":0,"78":0,"79":1,"80":0,"81":0,"82":0,"83":0,"84":0,"85":0,"86":0,"87":0,"88":0,"89":0,"90":0,"91":0,"92":0,"93":0,"94":0},"f":{"0":0,"1":0,"2":0,"3":0,"4":0,"5":0,"6":0,"7":0},"b":{"0":[0,0],"1":[0,0],"2":[0,0],"3":[0,0],"4":[0,0],"5":[0,0],"6":[0,0],"7":[0,0]},"_coverageSchema":"1a1c01bbd47fc00a2c39e90264f33305004495a9","hash":"4bb016f83e3d12b7625d39560aead82d6baf465e"}
,"C:\\College Committies\\Unicode Lp_tasks\\Task1\\controllers\\FollowC.js": {"path":"C:\\College Committies\\Unicode Lp_tasks\\Task1\\controllers\\FollowC.js","statementMap":{"0":{"start":{"line":5,"column":15},"end":{"line":38,"column":1}},"1":{"start":{"line":6,"column":2},"end":{"line":37,"column":3}},"2":{"start":{"line":7,"column":45},"end":{"line":7,"column":53}},"3":{"start":{"line":8,"column":25},"end":{"line":11,"column":5}},"4":{"start":{"line":12,"column":4},"end":{"line":14,"column":5}},"5":{"start":{"line":13,"column":6},"end":{"line":13,"column":76}},"6":{"start":{"line":15,"column":22},"end":{"line":15,"column":50}},"7":{"start":{"line":16,"column":25},"end":{"line":20,"column":6}},"8":{"start":{"line":21,"column":4},"end":{"line":23,"column":5}},"9":{"start":{"line":22,"column":6},"end":{"line":22,"column":76}},"10":{"start":{"line":24,"column":22},"end":{"line":28,"column":6}},"11":{"start":{"line":29,"column":4},"end":{"line":29,"column":27}},"12":{"start":{"line":30,"column":4},"end":{"line":33,"column":7}},"13":{"start":{"line":35,"column":4},"end":{"line":35,"column":23}},"14":{"start":{"line":36,"column":4},"end":{"line":36,"column":66}},"15":{"start":{"line":40,"column":17},"end":{"line":66,"column":1}},"16":{"start":{"line":41,"column":2},"end":{"line":65,"column":3}},"17":{"start":{"line":42,"column":45},"end":{"line":42,"column":53}},"18":{"start":{"line":43,"column":25},"end":{"line":46,"column":5}},"19":{"start":{"line":47,"column":4},"end":{"line":49,"column":5}},"20":{"start":{"line":48,"column":6},"end":{"line":48,"column":76}},"21":{"start":{"line":50,"column":22},"end":{"line":50,"column":50}},"22":{"start":{"line":51,"column":21},"end":{"line":55,"column":6}},"23":{"start":{"line":56,"column":4},"end":{"line":58,"column":5}},"24":{"start":{"line":57,"column":6},"end":{"line":57,"column":80}},"25":{"start":{"line":59,"column":4},"end":{"line":61,"column":74}},"26":{"start":{"line":63,"column":4},"end":{"line":63,"column":23}},"27":{"start":{"line":64,"column":4},"end":{"line":64,"column":66}},"28":{"start":{"line":68,"column":24},"end":{"line":79,"column":1}},"29":{"start":{"line":69,"column":2},"end":{"line":78,"column":3}},"30":{"start":{"line":70,"column":25},"end":{"line":70,"column":38}},"31":{"start":{"line":71,"column":22},"end":{"line":73,"column":75}},"32":{"start":{"line":74,"column":4},"end":{"line":74,"column":43}},"33":{"start":{"line":76,"column":4},"end":{"line":76,"column":23}},"34":{"start":{"line":77,"column":4},"end":{"line":77,"column":66}},"35":{"start":{"line":81,"column":24},"end":{"line":104,"column":1}},"36":{"start":{"line":82,"column":2},"end":{"line":103,"column":3}},"37":{"start":{"line":83,"column":22},"end":{"line":85,"column":6}},"38":{"start":{"line":86,"column":31},"end":{"line":98,"column":5}},"39":{"start":{"line":88,"column":8},"end":{"line":96,"column":9}},"40":{"start":{"line":89,"column":10},"end":{"line":91,"column":12}},"41":{"start":{"line":92,"column":15},"end":{"line":96,"column":9}},"42":{"start":{"line":93,"column":10},"end":{"line":95,"column":12}},"43":{"start":{"line":99,"column":4},"end":{"line":99,"column":52}},"44":{"start":{"line":101,"column":4},"end":{"line":101,"column":23}},"45":{"start":{"line":102,"column":4},"end":{"line":102,"column":66}}},"fnMap":{"0":{"name":"(anonymous_0)","decl":{"start":{"line":5,"column":15},"end":{"line":5,"column":16}},"loc":{"start":{"line":5,"column":35},"end":{"line":38,"column":1}},"line":5},"1":{"name":"(anonymous_1)","decl":{"start":{"line":40,"column":17},"end":{"line":40,"column":18}},"loc":{"start":{"line":40,"column":37},"end":{"line":66,"column":1}},"line":40},"2":{"name":"(anonymous_2)","decl":{"start":{"line":68,"column":24},"end":{"line":68,"column":25}},"loc":{"start":{"line":68,"column":44},"end":{"line":79,"column":1}},"line":68},"3":{"name":"(anonymous_3)","decl":{"start":{"line":81,"column":24},"end":{"line":81,"column":25}},"loc":{"start":{"line":81,"column":44},"end":{"line":104,"column":1}},"line":81},"4":{"name":"(anonymous_4)","decl":{"start":{"line":87,"column":20},"end":{"line":87,"column":21}},"loc":{"start":{"line":87,"column":38},"end":{"line":97,"column":7}},"line":87}},"branchMap":{"0":{"loc":{"start":{"line":12,"column":4},"end":{"line":14,"column":5}},"type":"if","locations":[{"start":{"line":12,"column":4},"end":{"line":14,"column":5}},{"start":{},"end":{}}],"line":12},"1":{"loc":{"start":{"line":21,"column":4},"end":{"line":23,"column":5}},"type":"if","locations":[{"start":{"line":21,"column":4},"end":{"line":23,"column":5}},{"start":{},"end":{}}],"line":21},"2":{"loc":{"start":{"line":47,"column":4},"end":{"line":49,"column":5}},"type":"if","locations":[{"start":{"line":47,"column":4},"end":{"line":49,"column":5}},{"start":{},"end":{}}],"line":47},"3":{"loc":{"start":{"line":56,"column":4},"end":{"line":58,"column":5}},"type":"if","locations":[{"start":{"line":56,"column":4},"end":{"line":58,"column":5}},{"start":{},"end":{}}],"line":56},"4":{"loc":{"start":{"line":88,"column":8},"end":{"line":96,"column":9}},"type":"if","locations":[{"start":{"line":88,"column":8},"end":{"line":96,"column":9}},{"start":{"line":92,"column":15},"end":{"line":96,"column":9}}],"line":88},"5":{"loc":{"start":{"line":92,"column":15},"end":{"line":96,"column":9}},"type":"if","locations":[{"start":{"line":92,"column":15},"end":{"line":96,"column":9}},{"start":{},"end":{}}],"line":92}},"s":{"0":1,"1":0,"2":0,"3":0,"4":0,"5":0,"6":0,"7":0,"8":0,"9":0,"10":0,"11":0,"12":0,"13":0,"14":0,"15":1,"16":0,"17":0,"18":0,"19":0,"20":0,"21":0,"22":0,"23":0,"24":0,"25":0,"26":0,"27":0,"28":1,"29":0,"30":0,"31":0,"32":0,"33":0,"34":0,"35":1,"36":0,"37":0,"38":0,"39":0,"40":0,"41":0,"42":0,"43":0,"44":0,"45":0},"f":{"0":0,"1":0,"2":0,"3":0,"4":0},"b":{"0":[0,0],"1":[0,0],"2":[0,0],"3":[0,0],"4":[0,0],"5":[0,0]},"_coverageSchema":"1a1c01bbd47fc00a2c39e90264f33305004495a9","hash":"cfc72fda5bb32124a78053248a5687f91c4449c4"}
,"C:\\College Committies\\Unicode Lp_tasks\\Task1\\controllers\\RecruiterC.js": {"path":"C:\\College Committies\\Unicode Lp_tasks\\Task1\\controllers\\RecruiterC.js","statementMap":{"0":{"start":{"line":10,"column":0},"end":{"line":10,"column":13}},"1":{"start":{"line":11,"column":15},"end":{"line":11,"column":36}},"2":{"start":{"line":13,"column":24},"end":{"line":64,"column":1}},"3":{"start":{"line":14,"column":2},"end":{"line":63,"column":3}},"4":{"start":{"line":26,"column":8},"end":{"line":26,"column":16}},"5":{"start":{"line":27,"column":30},"end":{"line":27,"column":69}},"6":{"start":{"line":28,"column":4},"end":{"line":32,"column":5}},"7":{"start":{"line":29,"column":6},"end":{"line":31,"column":68}},"8":{"start":{"line":33,"column":20},"end":{"line":33,"column":70}},"9":{"start":{"line":34,"column":4},"end":{"line":36,"column":5}},"10":{"start":{"line":35,"column":6},"end":{"line":35,"column":79}},"11":{"start":{"line":37,"column":17},"end":{"line":37,"column":41}},"12":{"start":{"line":38,"column":27},"end":{"line":38,"column":60}},"13":{"start":{"line":39,"column":25},"end":{"line":51,"column":6}},"14":{"start":{"line":52,"column":4},"end":{"line":52,"column":46}},"15":{"start":{"line":53,"column":4},"end":{"line":53,"column":25}},"16":{"start":{"line":54,"column":4},"end":{"line":54,"column":30}},"17":{"start":{"line":55,"column":4},"end":{"line":55,"column":25}},"18":{"start":{"line":56,"column":4},"end":{"line":59,"column":7}},"19":{"start":{"line":61,"column":4},"end":{"line":61,"column":39}},"20":{"start":{"line":62,"column":4},"end":{"line":62,"column":61}},"21":{"start":{"line":66,"column":23},"end":{"line":86,"column":1}},"22":{"start":{"line":67,"column":2},"end":{"line":85,"column":3}},"23":{"start":{"line":68,"column":32},"end":{"line":68,"column":40}},"24":{"start":{"line":69,"column":22},"end":{"line":69,"column":61}},"25":{"start":{"line":70,"column":4},"end":{"line":74,"column":5}},"26":{"start":{"line":71,"column":6},"end":{"line":73,"column":63}},"27":{"start":{"line":75,"column":18},"end":{"line":75,"column":68}},"28":{"start":{"line":76,"column":4},"end":{"line":78,"column":5}},"29":{"start":{"line":77,"column":6},"end":{"line":77,"column":67}},"30":{"start":{"line":79,"column":18},"end":{"line":79,"column":66}},"31":{"start":{"line":80,"column":4},"end":{"line":80,"column":24}},"32":{"start":{"line":81,"column":4},"end":{"line":81,"column":54}},"33":{"start":{"line":83,"column":4},"end":{"line":83,"column":38}},"34":{"start":{"line":84,"column":4},"end":{"line":84,"column":61}},"35":{"start":{"line":88,"column":18},"end":{"line":126,"column":1}},"36":{"start":{"line":89,"column":2},"end":{"line":125,"column":3}},"37":{"start":{"line":98,"column":8},"end":{"line":98,"column":16}},"38":{"start":{"line":99,"column":22},"end":{"line":99,"column":78}},"39":{"start":{"line":100,"column":4},"end":{"line":102,"column":5}},"40":{"start":{"line":101,"column":6},"end":{"line":101,"column":57}},"41":{"start":{"line":103,"column":4},"end":{"line":107,"column":5}},"42":{"start":{"line":104,"column":6},"end":{"line":106,"column":61}},"43":{"start":{"line":108,"column":19},"end":{"line":119,"column":6}},"44":{"start":{"line":120,"column":4},"end":{"line":120,"column":24}},"45":{"start":{"line":121,"column":4},"end":{"line":121,"column":49}},"46":{"start":{"line":123,"column":4},"end":{"line":123,"column":23}},"47":{"start":{"line":124,"column":4},"end":{"line":124,"column":61}},"48":{"start":{"line":128,"column":18},"end":{"line":138,"column":1}},"49":{"start":{"line":129,"column":2},"end":{"line":137,"column":3}},"50":{"start":{"line":130,"column":16},"end":{"line":132,"column":6}},"51":{"start":{"line":133,"column":4},"end":{"line":133,"column":79}},"52":{"start":{"line":135,"column":4},"end":{"line":135,"column":23}},"53":{"start":{"line":136,"column":4},"end":{"line":136,"column":54}},"54":{"start":{"line":140,"column":18},"end":{"line":148,"column":1}},"55":{"start":{"line":141,"column":2},"end":{"line":147,"column":3}},"56":{"start":{"line":142,"column":16},"end":{"line":142,"column":63}},"57":{"start":{"line":143,"column":4},"end":{"line":143,"column":66}},"58":{"start":{"line":145,"column":4},"end":{"line":145,"column":23}},"59":{"start":{"line":146,"column":4},"end":{"line":146,"column":54}},"60":{"start":{"line":150,"column":23},"end":{"line":160,"column":1}},"61":{"start":{"line":151,"column":2},"end":{"line":159,"column":3}},"62":{"start":{"line":152,"column":17},"end":{"line":154,"column":6}},"63":{"start":{"line":155,"column":4},"end":{"line":155,"column":38}},"64":{"start":{"line":157,"column":4},"end":{"line":157,"column":23}},"65":{"start":{"line":158,"column":4},"end":{"line":158,"column":54}},"66":{"start":{"line":162,"column":23},"end":{"line":186,"column":1}},"67":{"start":{"line":163,"column":2},"end":{"line":185,"column":3}},"68":{"start":{"line":164,"column":17},"end":{"line":166,"column":6}},"69":{"start":{"line":167,"column":4},"end":{"line":171,"column":5}},"70":{"start":{"line":168,"column":6},"end":{"line":170,"column":63}},"71":{"start":{"line":172,"column":19},"end":{"line":172,"column":45}},"72":{"start":{"line":172,"column":37},"end":{"line":172,"column":44}},"73":{"start":{"line":173,"column":25},"end":{"line":177,"column":70}},"74":{"start":{"line":178,"column":4},"end":{"line":180,"column":5}},"75":{"start":{"line":179,"column":6},"end":{"line":179,"column":70}},"76":{"start":{"line":181,"column":4},"end":{"line":181,"column":62}},"77":{"start":{"line":183,"column":4},"end":{"line":183,"column":23}},"78":{"start":{"line":184,"column":4},"end":{"line":184,"column":54}},"79":{"start":{"line":188,"column":26},"end":{"line":218,"column":1}},"80":{"start":{"line":190,"column":2},"end":{"line":217,"column":3}},"81":{"start":{"line":191,"column":24},"end":{"line":191,"column":49}},"82":{"start":{"line":192,"column":18},"end":{"line":192,"column":31}},"83":{"start":{"line":193,"column":25},"end":{"line":198,"column":13}},"84":{"start":{"line":199,"column":16},"end":{"line":202,"column":6}},"85":{"start":{"line":203,"column":4},"end":{"line":207,"column":5}},"86":{"start":{"line":204,"column":6},"end":{"line":206,"column":67}},"87":{"start":{"line":208,"column":21},"end":{"line":212,"column":5}},"88":{"start":{"line":211,"column":44},"end":{"line":211,"column":55}},"89":{"start":{"line":213,"column":4},"end":{"line":213,"column":42}},"90":{"start":{"line":215,"column":4},"end":{"line":215,"column":23}},"91":{"start":{"line":216,"column":4},"end":{"line":216,"column":54}},"92":{"start":{"line":220,"column":28},"end":{"line":244,"column":1}},"93":{"start":{"line":221,"column":2},"end":{"line":243,"column":3}},"94":{"start":{"line":222,"column":24},"end":{"line":222,"column":49}},"95":{"start":{"line":223,"column":26},"end":{"line":223,"column":48}},"96":{"start":{"line":224,"column":24},"end":{"line":226,"column":5}},"97":{"start":{"line":227,"column":4},"end":{"line":239,"column":5}},"98":{"start":{"line":231,"column":6},"end":{"line":231,"column":41}},"99":{"start":{"line":232,"column":6},"end":{"line":234,"column":78}},"100":{"start":{"line":236,"column":6},"end":{"line":238,"column":69}},"101":{"start":{"line":241,"column":4},"end":{"line":241,"column":23}},"102":{"start":{"line":242,"column":4},"end":{"line":242,"column":54}},"103":{"start":{"line":246,"column":25},"end":{"line":270,"column":1}},"104":{"start":{"line":247,"column":2},"end":{"line":269,"column":3}},"105":{"start":{"line":248,"column":24},"end":{"line":248,"column":49}},"106":{"start":{"line":249,"column":26},"end":{"line":249,"column":48}},"107":{"start":{"line":250,"column":24},"end":{"line":252,"column":5}},"108":{"start":{"line":253,"column":4},"end":{"line":265,"column":5}},"109":{"start":{"line":257,"column":6},"end":{"line":257,"column":38}},"110":{"start":{"line":258,"column":6},"end":{"line":260,"column":75}},"111":{"start":{"line":262,"column":6},"end":{"line":264,"column":69}},"112":{"start":{"line":267,"column":4},"end":{"line":267,"column":23}},"113":{"start":{"line":268,"column":4},"end":{"line":268,"column":54}},"114":{"start":{"line":272,"column":25},"end":{"line":296,"column":1}},"115":{"start":{"line":273,"column":2},"end":{"line":295,"column":3}},"116":{"start":{"line":274,"column":24},"end":{"line":274,"column":49}},"117":{"start":{"line":275,"column":26},"end":{"line":275,"column":48}},"118":{"start":{"line":276,"column":24},"end":{"line":278,"column":5}},"119":{"start":{"line":279,"column":4},"end":{"line":291,"column":5}},"120":{"start":{"line":283,"column":6},"end":{"line":283,"column":38}},"121":{"start":{"line":284,"column":6},"end":{"line":286,"column":75}},"122":{"start":{"line":288,"column":6},"end":{"line":290,"column":69}},"123":{"start":{"line":293,"column":4},"end":{"line":293,"column":23}},"124":{"start":{"line":294,"column":4},"end":{"line":294,"column":54}}},"fnMap":{"0":{"name":"(anonymous_0)","decl":{"start":{"line":13,"column":24},"end":{"line":13,"column":25}},"loc":{"start":{"line":13,"column":44},"end":{"line":64,"column":1}},"line":13},"1":{"name":"(anonymous_1)","decl":{"start":{"line":66,"column":23},"end":{"line":66,"column":24}},"loc":{"start":{"line":66,"column":43},"end":{"line":86,"column":1}},"line":66},"2":{"name":"(anonymous_2)","decl":{"start":{"line":88,"column":18},"end":{"line":88,"column":19}},"loc":{"start":{"line":88,"column":38},"end":{"line":126,"column":1}},"line":88},"3":{"name":"(anonymous_3)","decl":{"start":{"line":128,"column":18},"end":{"line":128,"column":19}},"loc":{"start":{"line":128,"column":38},"end":{"line":138,"column":1}},"line":128},"4":{"name":"(anonymous_4)","decl":{"start":{"line":140,"column":18},"end":{"line":140,"column":19}},"loc":{"start":{"line":140,"column":38},"end":{"line":148,"column":1}},"line":140},"5":{"name":"(anonymous_5)","decl":{"start":{"line":150,"column":23},"end":{"line":150,"column":24}},"loc":{"start":{"line":150,"column":43},"end":{"line":160,"column":1}},"line":150},"6":{"name":"(anonymous_6)","decl":{"start":{"line":162,"column":23},"end":{"line":162,"column":24}},"loc":{"start":{"line":162,"column":43},"end":{"line":186,"column":1}},"line":162},"7":{"name":"(anonymous_7)","decl":{"start":{"line":172,"column":28},"end":{"line":172,"column":29}},"loc":{"start":{"line":172,"column":37},"end":{"line":172,"column":44}},"line":172},"8":{"name":"(anonymous_8)","decl":{"start":{"line":188,"column":26},"end":{"line":188,"column":27}},"loc":{"start":{"line":188,"column":46},"end":{"line":218,"column":1}},"line":188},"9":{"name":"(anonymous_9)","decl":{"start":{"line":211,"column":35},"end":{"line":211,"column":36}},"loc":{"start":{"line":211,"column":44},"end":{"line":211,"column":55}},"line":211},"10":{"name":"(anonymous_10)","decl":{"start":{"line":220,"column":28},"end":{"line":220,"column":29}},"loc":{"start":{"line":220,"column":48},"end":{"line":244,"column":1}},"line":220},"11":{"name":"(anonymous_11)","decl":{"start":{"line":246,"column":25},"end":{"line":246,"column":26}},"loc":{"start":{"line":246,"column":45},"end":{"line":270,"column":1}},"line":246},"12":{"name":"(anonymous_12)","decl":{"start":{"line":272,"column":25},"end":{"line":272,"column":26}},"loc":{"start":{"line":272,"column":45},"end":{"line":296,"column":1}},"line":272}},"branchMap":{"0":{"loc":{"start":{"line":28,"column":4},"end":{"line":32,"column":5}},"type":"if","locations":[{"start":{"line":28,"column":4},"end":{"line":32,"column":5}},{"start":{},"end":{}}],"line":28},"1":{"loc":{"start":{"line":34,"column":4},"end":{"line":36,"column":5}},"type":"if","locations":[{"start":{"line":34,"column":4},"end":{"line":36,"column":5}},{"start":{},"end":{}}],"line":34},"2":{"loc":{"start":{"line":70,"column":4},"end":{"line":74,"column":5}},"type":"if","locations":[{"start":{"line":70,"column":4},"end":{"line":74,"column":5}},{"start":{},"end":{}}],"line":70},"3":{"loc":{"start":{"line":76,"column":4},"end":{"line":78,"column":5}},"type":"if","locations":[{"start":{"line":76,"column":4},"end":{"line":78,"column":5}},{"start":{},"end":{}}],"line":76},"4":{"loc":{"start":{"line":100,"column":4},"end":{"line":102,"column":5}},"type":"if","locations":[{"start":{"line":100,"column":4},"end":{"line":102,"column":5}},{"start":{},"end":{}}],"line":100},"5":{"loc":{"start":{"line":103,"column":4},"end":{"line":107,"column":5}},"type":"if","locations":[{"start":{"line":103,"column":4},"end":{"line":107,"column":5}},{"start":{},"end":{}}],"line":103},"6":{"loc":{"start":{"line":167,"column":4},"end":{"line":171,"column":5}},"type":"if","locations":[{"start":{"line":167,"column":4},"end":{"line":171,"column":5}},{"start":{},"end":{}}],"line":167},"7":{"loc":{"start":{"line":178,"column":4},"end":{"line":180,"column":5}},"type":"if","locations":[{"start":{"line":178,"column":4},"end":{"line":180,"column":5}},{"start":{},"end":{}}],"line":178},"8":{"loc":{"start":{"line":203,"column":4},"end":{"line":207,"column":5}},"type":"if","locations":[{"start":{"line":203,"column":4},"end":{"line":207,"column":5}},{"start":{},"end":{}}],"line":203},"9":{"loc":{"start":{"line":227,"column":4},"end":{"line":239,"column":5}},"type":"if","locations":[{"start":{"line":227,"column":4},"end":{"line":239,"column":5}},{"start":{"line":235,"column":11},"end":{"line":239,"column":5}}],"line":227},"10":{"loc":{"start":{"line":228,"column":6},"end":{"line":229,"column":75}},"type":"binary-expr","locations":[{"start":{"line":228,"column":6},"end":{"line":228,"column":17}},{"start":{"line":229,"column":6},"end":{"line":229,"column":75}}],"line":228},"11":{"loc":{"start":{"line":253,"column":4},"end":{"line":265,"column":5}},"type":"if","locations":[{"start":{"line":253,"column":4},"end":{"line":265,"column":5}},{"start":{"line":261,"column":11},"end":{"line":265,"column":5}}],"line":253},"12":{"loc":{"start":{"line":254,"column":6},"end":{"line":255,"column":75}},"type":"binary-expr","locations":[{"start":{"line":254,"column":6},"end":{"line":254,"column":17}},{"start":{"line":255,"column":6},"end":{"line":255,"column":75}}],"line":254},"13":{"loc":{"start":{"line":279,"column":4},"end":{"line":291,"column":5}},"type":"if","locations":[{"start":{"line":279,"column":4},"end":{"line":291,"column":5}},{"start":{"line":287,"column":11},"end":{"line":291,"column":5}}],"line":279},"14":{"loc":{"start":{"line":280,"column":6},"end":{"line":281,"column":75}},"type":"binary-expr","locations":[{"start":{"line":280,"column":6},"end":{"line":280,"column":17}},{"start":{"line":281,"column":6},"end":{"line":281,"column":75}}],"line":280}},"s":{"0":1,"1":1,"2":1,"3":0,"4":0,"5":0,"6":0,"7":0,"8":0,"9":0,"10":0,"11":0,"12":0,"13":0,"14":0,"15":0,"16":0,"17":0,"18":0,"19":0,"20":0,"21":1,"22":0,"23":0,"24":0,"25":0,"26":0,"27":0,"28":0,"29":0,"30":0,"31":0,"32":0,"33":0,"34":0,"35":1,"36":0,"37":0,"38":0,"39":0,"40":0,"41":0,"42":0,"43":0,"44":0,"45":0,"46":0,"47":0,"48":1,"49":0,"50":0,"51":0,"52":0,"53":0,"54":1,"55":0,"56":0,"57":0,"58":0,"59":0,"60":1,"61":0,"62":0,"63":0,"64":0,"65":0,"66":1,"67":0,"68":0,"69":0,"70":0,"71":0,"72":0,"73":0,"74":0,"75":0,"76":0,"77":0,"78":0,"79":1,"80":0,"81":0,"82":0,"83":0,"84":0,"85":0,"86":0,"87":0,"88":0,"89":0,"90":0,"91":0,"92":1,"93":0,"94":0,"95":0,"96":0,"97":0,"98":0,"99":0,"100":0,"101":0,"102":0,"103":1,"104":0,"105":0,"106":0,"107":0,"108":0,"109":0,"110":0,"111":0,"112":0,"113":0,"114":1,"115":0,"116":0,"117":0,"118":0,"119":0,"120":0,"121":0,"122":0,"123":0,"124":0},"f":{"0":0,"1":0,"2":0,"3":0,"4":0,"5":0,"6":0,"7":0,"8":0,"9":0,"10":0,"11":0,"12":0},"b":{"0":[0,0],"1":[0,0],"2":[0,0],"3":[0,0],"4":[0,0],"5":[0,0],"6":[0,0],"7":[0,0],"8":[0,0],"9":[0,0],"10":[0,0],"11":[0,0],"12":[0,0],"13":[0,0],"14":[0,0]},"_coverageSchema":"1a1c01bbd47fc00a2c39e90264f33305004495a9","hash":"ac619004236d6f7b6352b226288ffeaf43f11b13"}
,"C:\\College Committies\\Unicode Lp_tasks\\Task1\\controllers\\nodemailer.js": {"path":"C:\\College Committies\\Unicode Lp_tasks\\Task1\\controllers\\nodemailer.js","statementMap":{"0":{"start":{"line":3,"column":20},"end":{"line":12,"column":2}},"1":{"start":{"line":14,"column":19},"end":{"line":26,"column":1}},"2":{"start":{"line":15,"column":2},"end":{"line":25,"column":3}},"3":{"start":{"line":16,"column":22},"end":{"line":16,"column":30}},"4":{"start":{"line":17,"column":4},"end":{"line":22,"column":7}},"5":{"start":{"line":24,"column":4},"end":{"line":24,"column":21}},"6":{"start":{"line":28,"column":18},"end":{"line":40,"column":1}},"7":{"start":{"line":29,"column":2},"end":{"line":39,"column":3}},"8":{"start":{"line":30,"column":32},"end":{"line":30,"column":40}},"9":{"start":{"line":31,"column":4},"end":{"line":36,"column":7}},"10":{"start":{"line":38,"column":4},"end":{"line":38,"column":21}}},"fnMap":{"0":{"name":"(anonymous_0)","decl":{"start":{"line":14,"column":19},"end":{"line":14,"column":20}},"loc":{"start":{"line":14,"column":39},"end":{"line":26,"column":1}},"line":14},"1":{"name":"(anonymous_1)","decl":{"start":{"line":28,"column":18},"end":{"line":28,"column":19}},"loc":{"start":{"line":28,"column":38},"end":{"line":40,"column":1}},"line":28}},"branchMap":{},"s":{"0":1,"1":1,"2":0,"3":0,"4":0,"5":0,"6":1,"7":0,"8":0,"9":0,"10":0},"f":{"0":0,"1":0},"b":{},"_coverageSchema":"1a1c01bbd47fc00a2c39e90264f33305004495a9","hash":"40d06ff24a16bb2105cd6f103b54234c95eae106"}
,"C:\\College Committies\\Unicode Lp_tasks\\Task1\\controllers\\userC.js": {"path":"C:\\College Committies\\Unicode Lp_tasks\\Task1\\controllers\\userC.js","statementMap":{"0":{"start":{"line":10,"column":0},"end":{"line":10,"column":13}},"1":{"start":{"line":11,"column":15},"end":{"line":11,"column":36}},"2":{"start":{"line":13,"column":26},"end":{"line":20,"column":1}},"3":{"start":{"line":14,"column":2},"end":{"line":19,"column":3}},"4":{"start":{"line":15,"column":23},"end":{"line":15,"column":45}},"5":{"start":{"line":16,"column":4},"end":{"line":16,"column":44}},"6":{"start":{"line":18,"column":4},"end":{"line":18,"column":27}},"7":{"start":{"line":22,"column":26},"end":{"line":30,"column":1}},"8":{"start":{"line":23,"column":2},"end":{"line":29,"column":3}},"9":{"start":{"line":24,"column":21},"end":{"line":24,"column":79}},"10":{"start":{"line":25,"column":4},"end":{"line":25,"column":23}},"11":{"start":{"line":26,"column":4},"end":{"line":26,"column":43}},"12":{"start":{"line":28,"column":4},"end":{"line":28,"column":27}},"13":{"start":{"line":32,"column":26},"end":{"line":42,"column":1}},"14":{"start":{"line":33,"column":2},"end":{"line":41,"column":3}},"15":{"start":{"line":34,"column":21},"end":{"line":34,"column":69}},"16":{"start":{"line":35,"column":4},"end":{"line":37,"column":5}},"17":{"start":{"line":36,"column":6},"end":{"line":36,"column":29}},"18":{"start":{"line":38,"column":4},"end":{"line":38,"column":23}},"19":{"start":{"line":40,"column":4},"end":{"line":40,"column":27}},"20":{"start":{"line":44,"column":15},"end":{"line":87,"column":1}},"21":{"start":{"line":45,"column":2},"end":{"line":86,"column":3}},"22":{"start":{"line":55,"column":8},"end":{"line":55,"column":16}},"23":{"start":{"line":56,"column":25},"end":{"line":56,"column":59}},"24":{"start":{"line":57,"column":4},"end":{"line":59,"column":5}},"25":{"start":{"line":58,"column":6},"end":{"line":58,"column":70}},"26":{"start":{"line":60,"column":17},"end":{"line":60,"column":41}},"27":{"start":{"line":61,"column":27},"end":{"line":61,"column":60}},"28":{"start":{"line":62,"column":24},"end":{"line":64,"column":6}},"29":{"start":{"line":65,"column":20},"end":{"line":77,"column":6}},"30":{"start":{"line":78,"column":4},"end":{"line":78,"column":25}},"31":{"start":{"line":79,"column":4},"end":{"line":79,"column":25}},"32":{"start":{"line":80,"column":4},"end":{"line":82,"column":72}},"33":{"start":{"line":84,"column":4},"end":{"line":84,"column":40}},"34":{"start":{"line":85,"column":4},"end":{"line":85,"column":61}},"35":{"start":{"line":89,"column":14},"end":{"line":107,"column":1}},"36":{"start":{"line":90,"column":2},"end":{"line":106,"column":3}},"37":{"start":{"line":91,"column":32},"end":{"line":91,"column":40}},"38":{"start":{"line":92,"column":17},"end":{"line":92,"column":51}},"39":{"start":{"line":93,"column":4},"end":{"line":95,"column":5}},"40":{"start":{"line":94,"column":6},"end":{"line":94,"column":51}},"41":{"start":{"line":96,"column":18},"end":{"line":96,"column":63}},"42":{"start":{"line":97,"column":4},"end":{"line":99,"column":5}},"43":{"start":{"line":98,"column":6},"end":{"line":98,"column":54}},"44":{"start":{"line":100,"column":18},"end":{"line":100,"column":56}},"45":{"start":{"line":101,"column":4},"end":{"line":101,"column":24}},"46":{"start":{"line":102,"column":4},"end":{"line":102,"column":49}},"47":{"start":{"line":104,"column":4},"end":{"line":104,"column":39}},"48":{"start":{"line":105,"column":4},"end":{"line":105,"column":61}},"49":{"start":{"line":109,"column":25},"end":{"line":132,"column":1}},"50":{"start":{"line":110,"column":2},"end":{"line":131,"column":3}},"51":{"start":{"line":111,"column":4},"end":{"line":113,"column":5}},"52":{"start":{"line":112,"column":6},"end":{"line":112,"column":52}},"53":{"start":{"line":114,"column":19},"end":{"line":116,"column":6}},"54":{"start":{"line":117,"column":17},"end":{"line":117,"column":58}},"55":{"start":{"line":118,"column":4},"end":{"line":120,"column":5}},"56":{"start":{"line":119,"column":6},"end":{"line":119,"column":53}},"57":{"start":{"line":121,"column":4},"end":{"line":121,"column":48}},"58":{"start":{"line":122,"column":4},"end":{"line":122,"column":53}},"59":{"start":{"line":123,"column":4},"end":{"line":123,"column":22}},"60":{"start":{"line":124,"column":4},"end":{"line":127,"column":7}},"61":{"start":{"line":129,"column":4},"end":{"line":129,"column":23}},"62":{"start":{"line":130,"column":4},"end":{"line":130,"column":57}},"63":{"start":{"line":134,"column":25},"end":{"line":157,"column":1}},"64":{"start":{"line":135,"column":2},"end":{"line":156,"column":3}},"65":{"start":{"line":136,"column":17},"end":{"line":136,"column":58}},"66":{"start":{"line":137,"column":4},"end":{"line":139,"column":5}},"67":{"start":{"line":138,"column":6},"end":{"line":138,"column":52}},"68":{"start":{"line":140,"column":4},"end":{"line":142,"column":5}},"69":{"start":{"line":141,"column":6},"end":{"line":141,"column":71}},"70":{"start":{"line":143,"column":19},"end":{"line":145,"column":6}},"71":{"start":{"line":146,"column":4},"end":{"line":146,"column":48}},"72":{"start":{"line":147,"column":4},"end":{"line":147,"column":53}},"73":{"start":{"line":148,"column":4},"end":{"line":148,"column":22}},"74":{"start":{"line":149,"column":4},"end":{"line":152,"column":7}},"75":{"start":{"line":154,"column":4},"end":{"line":154,"column":23}},"76":{"start":{"line":155,"column":4},"end":{"line":155,"column":56}},"77":{"start":{"line":159,"column":17},"end":{"line":187,"column":1}},"78":{"start":{"line":160,"column":2},"end":{"line":186,"column":3}},"79":{"start":{"line":162,"column":6},"end":{"line":162,"column":14}},"80":{"start":{"line":163,"column":17},"end":{"line":163,"column":58}},"81":{"start":{"line":164,"column":4},"end":{"line":166,"column":5}},"82":{"start":{"line":165,"column":6},"end":{"line":165,"column":52}},"83":{"start":{"line":167,"column":16},"end":{"line":171,"column":6}},"84":{"start":{"line":172,"column":4},"end":{"line":174,"column":5}},"85":{"start":{"line":173,"column":6},"end":{"line":173,"column":51}},"86":{"start":{"line":175,"column":27},"end":{"line":180,"column":6}},"87":{"start":{"line":181,"column":4},"end":{"line":181,"column":32}},"88":{"start":{"line":182,"column":4},"end":{"line":182,"column":65}},"89":{"start":{"line":184,"column":4},"end":{"line":184,"column":23}},"90":{"start":{"line":185,"column":4},"end":{"line":185,"column":66}},"91":{"start":{"line":189,"column":27},"end":{"line":208,"column":1}},"92":{"start":{"line":190,"column":2},"end":{"line":207,"column":3}},"93":{"start":{"line":191,"column":19},"end":{"line":191,"column":34}},"94":{"start":{"line":192,"column":15},"end":{"line":195,"column":5}},"95":{"start":{"line":196,"column":4},"end":{"line":198,"column":5}},"96":{"start":{"line":197,"column":6},"end":{"line":197,"column":71}},"97":{"start":{"line":199,"column":4},"end":{"line":202,"column":8}},"98":{"start":{"line":199,"column":30},"end":{"line":202,"column":5}},"99":{"start":{"line":203,"column":4},"end":{"line":203,"column":48}},"100":{"start":{"line":205,"column":4},"end":{"line":205,"column":23}},"101":{"start":{"line":206,"column":4},"end":{"line":206,"column":66}}},"fnMap":{"0":{"name":"(anonymous_0)","decl":{"start":{"line":13,"column":26},"end":{"line":13,"column":27}},"loc":{"start":{"line":13,"column":46},"end":{"line":20,"column":1}},"line":13},"1":{"name":"(anonymous_1)","decl":{"start":{"line":22,"column":26},"end":{"line":22,"column":27}},"loc":{"start":{"line":22,"column":46},"end":{"line":30,"column":1}},"line":22},"2":{"name":"(anonymous_2)","decl":{"start":{"line":32,"column":26},"end":{"line":32,"column":27}},"loc":{"start":{"line":32,"column":46},"end":{"line":42,"column":1}},"line":32},"3":{"name":"(anonymous_3)","decl":{"start":{"line":44,"column":15},"end":{"line":44,"column":16}},"loc":{"start":{"line":44,"column":35},"end":{"line":87,"column":1}},"line":44},"4":{"name":"(anonymous_4)","decl":{"start":{"line":89,"column":14},"end":{"line":89,"column":15}},"loc":{"start":{"line":89,"column":34},"end":{"line":107,"column":1}},"line":89},"5":{"name":"(anonymous_5)","decl":{"start":{"line":109,"column":25},"end":{"line":109,"column":26}},"loc":{"start":{"line":109,"column":45},"end":{"line":132,"column":1}},"line":109},"6":{"name":"(anonymous_6)","decl":{"start":{"line":134,"column":25},"end":{"line":134,"column":26}},"loc":{"start":{"line":134,"column":45},"end":{"line":157,"column":1}},"line":134},"7":{"name":"(anonymous_7)","decl":{"start":{"line":159,"column":17},"end":{"line":159,"column":18}},"loc":{"start":{"line":159,"column":37},"end":{"line":187,"column":1}},"line":159},"8":{"name":"(anonymous_8)","decl":{"start":{"line":189,"column":27},"end":{"line":189,"column":28}},"loc":{"start":{"line":189,"column":47},"end":{"line":208,"column":1}},"line":189},"9":{"name":"(anonymous_9)","decl":{"start":{"line":199,"column":20},"end":{"line":199,"column":21}},"loc":{"start":{"line":199,"column":30},"end":{"line":202,"column":5}},"line":199}},"branchMap":{"0":{"loc":{"start":{"line":35,"column":4},"end":{"line":37,"column":5}},"type":"if","locations":[{"start":{"line":35,"column":4},"end":{"line":37,"column":5}},{"start":{},"end":{}}],"line":35},"1":{"loc":{"start":{"line":57,"column":4},"end":{"line":59,"column":5}},"type":"if","locations":[{"start":{"line":57,"column":4},"end":{"line":59,"column":5}},{"start":{},"end":{}}],"line":57},"2":{"loc":{"start":{"line":93,"column":4},"end":{"line":95,"column":5}},"type":"if","locations":[{"start":{"line":93,"column":4},"end":{"line":95,"column":5}},{"start":{},"end":{}}],"line":93},"3":{"loc":{"start":{"line":97,"column":4},"end":{"line":99,"column":5}},"type":"if","locations":[{"start":{"line":97,"column":4},"end":{"line":99,"column":5}},{"start":{},"end":{}}],"line":97},"4":{"loc":{"start":{"line":111,"column":4},"end":{"line":113,"column":5}},"type":"if","locations":[{"start":{"line":111,"column":4},"end":{"line":113,"column":5}},{"start":{},"end":{}}],"line":111},"5":{"loc":{"start":{"line":118,"column":4},"end":{"line":120,"column":5}},"type":"if","locations":[{"start":{"line":118,"column":4},"end":{"line":120,"column":5}},{"start":{},"end":{}}],"line":118},"6":{"loc":{"start":{"line":137,"column":4},"end":{"line":139,"column":5}},"type":"if","locations":[{"start":{"line":137,"column":4},"end":{"line":139,"column":5}},{"start":{},"end":{}}],"line":137},"7":{"loc":{"start":{"line":140,"column":4},"end":{"line":142,"column":5}},"type":"if","locations":[{"start":{"line":140,"column":4},"end":{"line":142,"column":5}},{"start":{},"end":{}}],"line":140},"8":{"loc":{"start":{"line":140,"column":8},"end":{"line":140,"column":60}},"type":"binary-expr","locations":[{"start":{"line":140,"column":8},"end":{"line":140,"column":27}},{"start":{"line":140,"column":31},"end":{"line":140,"column":60}}],"line":140},"9":{"loc":{"start":{"line":164,"column":4},"end":{"line":166,"column":5}},"type":"if","locations":[{"start":{"line":164,"column":4},"end":{"line":166,"column":5}},{"start":{},"end":{}}],"line":164},"10":{"loc":{"start":{"line":172,"column":4},"end":{"line":174,"column":5}},"type":"if","locations":[{"start":{"line":172,"column":4},"end":{"line":174,"column":5}},{"start":{},"end":{}}],"line":172},"11":{"loc":{"start":{"line":196,"column":4},"end":{"line":198,"column":5}},"type":"if","locations":[{"start":{"line":196,"column":4},"end":{"line":198,"column":5}},{"start":{},"end":{}}],"line":196}},"s":{"0":1,"1":1,"2":1,"3":0,"4":0,"5":0,"6":0,"7":1,"8":0,"9":0,"10":0,"11":0,"12":0,"13":1,"14":0,"15":0,"16":0,"17":0,"18":0,"19":0,"20":1,"21":0,"22":0,"23":0,"24":0,"25":0,"26":0,"27":0,"28":0,"29":0,"30":0,"31":0,"32":0,"33":0,"34":0,"35":1,"36":0,"37":0,"38":0,"39":0,"40":0,"41":0,"42":0,"43":0,"44":0,"45":0,"46":0,"47":0,"48":0,"49":1,"50":0,"51":0,"52":0,"53":0,"54":0,"55":0,"56":0,"57":0,"58":0,"59":0,"60":0,"61":0,"62":0,"63":1,"64":0,"65":0,"66":0,"67":0,"68":0,"69":0,"70":0,"71":0,"72":0,"73":0,"74":0,"75":0,"76":0,"77":1,"78":0,"79":0,"80":0,"81":0,"82":0,"83":0,"84":0,"85":0,"86":0,"87":0,"88":0,"89":0,"90":0,"91":1,"92":0,"93":0,"94":0,"95":0,"96":0,"97":0,"98":0,"99":0,"100":0,"101":0},"f":{"0":0,"1":0,"2":0,"3":0,"4":0,"5":0,"6":0,"7":0,"8":0,"9":0},"b":{"0":[0,0],"1":[0,0],"2":[0,0],"3":[0,0],"4":[0,0],"5":[0,0],"6":[0,0],"7":[0,0],"8":[0,0],"9":[0,0],"10":[0,0],"11":[0,0]},"_coverageSchema":"1a1c01bbd47fc00a2c39e90264f33305004495a9","hash":"da491924a6aab82bef001511d6d4ef5eb5d992cb"}
,"C:\\College Committies\\Unicode Lp_tasks\\Task1\\middlewares\\authVerify.js": {"path":"C:\\College Committies\\Unicode Lp_tasks\\Task1\\middlewares\\authVerify.js","statementMap":{"0":{"start":{"line":3,"column":17},"end":{"line":17,"column":1}},"1":{"start":{"line":4,"column":16},"end":{"line":4,"column":43}},"2":{"start":{"line":5,"column":2},"end":{"line":5,"column":59}},"3":{"start":{"line":5,"column":14},"end":{"line":5,"column":59}},"4":{"start":{"line":6,"column":2},"end":{"line":16,"column":3}},"5":{"start":{"line":7,"column":24},"end":{"line":7,"column":43}},"6":{"start":{"line":8,"column":4},"end":{"line":10,"column":5}},"7":{"start":{"line":9,"column":6},"end":{"line":9,"column":48}},"8":{"start":{"line":11,"column":21},"end":{"line":11,"column":67}},"9":{"start":{"line":12,"column":4},"end":{"line":12,"column":24}},"10":{"start":{"line":13,"column":4},"end":{"line":13,"column":11}},"11":{"start":{"line":15,"column":4},"end":{"line":15,"column":42}},"12":{"start":{"line":19,"column":22},"end":{"line":33,"column":1}},"13":{"start":{"line":20,"column":16},"end":{"line":20,"column":43}},"14":{"start":{"line":21,"column":2},"end":{"line":21,"column":59}},"15":{"start":{"line":21,"column":14},"end":{"line":21,"column":59}},"16":{"start":{"line":22,"column":2},"end":{"line":32,"column":3}},"17":{"start":{"line":23,"column":24},"end":{"line":23,"column":43}},"18":{"start":{"line":24,"column":4},"end":{"line":26,"column":5}},"19":{"start":{"line":25,"column":6},"end":{"line":25,"column":48}},"20":{"start":{"line":27,"column":21},"end":{"line":27,"column":67}},"21":{"start":{"line":28,"column":4},"end":{"line":28,"column":29}},"22":{"start":{"line":29,"column":4},"end":{"line":29,"column":11}},"23":{"start":{"line":31,"column":4},"end":{"line":31,"column":42}},"24":{"start":{"line":35,"column":20},"end":{"line":49,"column":1}},"25":{"start":{"line":36,"column":16},"end":{"line":36,"column":43}},"26":{"start":{"line":37,"column":2},"end":{"line":37,"column":59}},"27":{"start":{"line":37,"column":14},"end":{"line":37,"column":59}},"28":{"start":{"line":38,"column":2},"end":{"line":48,"column":3}},"29":{"start":{"line":39,"column":24},"end":{"line":39,"column":43}},"30":{"start":{"line":40,"column":4},"end":{"line":42,"column":5}},"31":{"start":{"line":41,"column":6},"end":{"line":41,"column":48}},"32":{"start":{"line":43,"column":21},"end":{"line":43,"column":67}},"33":{"start":{"line":44,"column":4},"end":{"line":44,"column":27}},"34":{"start":{"line":45,"column":4},"end":{"line":45,"column":11}},"35":{"start":{"line":47,"column":4},"end":{"line":47,"column":42}}},"fnMap":{"0":{"name":"(anonymous_0)","decl":{"start":{"line":3,"column":17},"end":{"line":3,"column":18}},"loc":{"start":{"line":3,"column":43},"end":{"line":17,"column":1}},"line":3},"1":{"name":"(anonymous_1)","decl":{"start":{"line":19,"column":22},"end":{"line":19,"column":23}},"loc":{"start":{"line":19,"column":48},"end":{"line":33,"column":1}},"line":19},"2":{"name":"(anonymous_2)","decl":{"start":{"line":35,"column":20},"end":{"line":35,"column":21}},"loc":{"start":{"line":35,"column":46},"end":{"line":49,"column":1}},"line":35}},"branchMap":{"0":{"loc":{"start":{"line":5,"column":2},"end":{"line":5,"column":59}},"type":"if","locations":[{"start":{"line":5,"column":2},"end":{"line":5,"column":59}},{"start":{},"end":{}}],"line":5},"1":{"loc":{"start":{"line":8,"column":4},"end":{"line":10,"column":5}},"type":"if","locations":[{"start":{"line":8,"column":4},"end":{"line":10,"column":5}},{"start":{},"end":{}}],"line":8},"2":{"loc":{"start":{"line":21,"column":2},"end":{"line":21,"column":59}},"type":"if","locations":[{"start":{"line":21,"column":2},"end":{"line":21,"column":59}},{"start":{},"end":{}}],"line":21},"3":{"loc":{"start":{"line":24,"column":4},"end":{"line":26,"column":5}},"type":"if","locations":[{"start":{"line":24,"column":4},"end":{"line":26,"column":5}},{"start":{},"end":{}}],"line":24},"4":{"loc":{"start":{"line":37,"column":2},"end":{"line":37,"column":59}},"type":"if","locations":[{"start":{"line":37,"column":2},"end":{"line":37,"column":59}},{"start":{},"end":{}}],"line":37},"5":{"loc":{"start":{"line":40,"column":4},"end":{"line":42,"column":5}},"type":"if","locations":[{"start":{"line":40,"column":4},"end":{"line":42,"column":5}},{"start":{},"end":{}}],"line":40}},"s":{"0":1,"1":0,"2":0,"3":0,"4":0,"5":0,"6":0,"7":0,"8":0,"9":0,"10":0,"11":0,"12":1,"13":0,"14":0,"15":0,"16":0,"17":0,"18":0,"19":0,"20":0,"21":0,"22":0,"23":0,"24":1,"25":0,"26":0,"27":0,"28":0,"29":0,"30":0,"31":0,"32":0,"33":0,"34":0,"35":0},"f":{"0":0,"1":0,"2":0},"b":{"0":[0,0],"1":[0,0],"2":[0,0],"3":[0,0],"4":[0,0],"5":[0,0]},"_coverageSchema":"1a1c01bbd47fc00a2c39e90264f33305004495a9","hash":"6d401b495b7cdcc07c803765ad8244e2cd61f51f"}
,"C:\\College Committies\\Unicode Lp_tasks\\Task1\\middlewares\\multer.js": {"path":"C:\\College Committies\\Unicode Lp_tasks\\Task1\\middlewares\\multer.js","statementMap":{"0":{"start":{"line":4,"column":16},"end":{"line":12,"column":2}},"1":{"start":{"line":7,"column":4},"end":{"line":10,"column":6}},"2":{"start":{"line":14,"column":15},"end":{"line":19,"column":2}}},"fnMap":{"0":{"name":"(anonymous_0)","decl":{"start":{"line":6,"column":12},"end":{"line":6,"column":13}},"loc":{"start":{"line":6,"column":31},"end":{"line":11,"column":3}},"line":6}},"branchMap":{},"s":{"0":1,"1":0,"2":1},"f":{"0":0},"b":{},"_coverageSchema":"1a1c01bbd47fc00a2c39e90264f33305004495a9","hash":"eabd4a67ac737ab0dd8c2a851ccc3f47e85dfeaf"}
,"C:\\College Committies\\Unicode Lp_tasks\\Task1\\models\\Application.js": {"path":"C:\\College Committies\\Unicode Lp_tasks\\Task1\\models\\Application.js","statementMap":{"0":{"start":{"line":3,"column":26},"end":{"line":21,"column":2}}},"fnMap":{},"branchMap":{},"s":{"0":1},"f":{},"b":{},"_coverageSchema":"1a1c01bbd47fc00a2c39e90264f33305004495a9","hash":"646fe9558fa40a6231a9e10e7e8e99b08fe903cb"}
,"C:\\College Committies\\Unicode Lp_tasks\\Task1\\models\\Blog.js": {"path":"C:\\College Committies\\Unicode Lp_tasks\\Task1\\models\\Blog.js","statementMap":{"0":{"start":{"line":3,"column":19},"end":{"line":31,"column":2}}},"fnMap":{},"branchMap":{},"s":{"0":1},"f":{},"b":{},"_coverageSchema":"1a1c01bbd47fc00a2c39e90264f33305004495a9","hash":"5ec8285d48f80d7fa391ac1c43be5adb010e7d3c"}
,"C:\\College Committies\\Unicode Lp_tasks\\Task1\\models\\Company.js": {"path":"C:\\College Committies\\Unicode Lp_tasks\\Task1\\models\\Company.js","statementMap":{"0":{"start":{"line":4,"column":22},"end":{"line":50,"column":2}},"1":{"start":{"line":10,"column":6},"end":{"line":12,"column":7}},"2":{"start":{"line":11,"column":8},"end":{"line":11,"column":44}},"3":{"start":{"line":19,"column":6},"end":{"line":29,"column":7}},"4":{"start":{"line":28,"column":8},"end":{"line":28,"column":51}}},"fnMap":{"0":{"name":"(anonymous_0)","decl":{"start":{"line":9,"column":4},"end":{"line":9,"column":5}},"loc":{"start":{"line":9,"column":20},"end":{"line":13,"column":5}},"line":9},"1":{"name":"(anonymous_1)","decl":{"start":{"line":18,"column":4},"end":{"line":18,"column":5}},"loc":{"start":{"line":18,"column":20},"end":{"line":30,"column":5}},"line":18}},"branchMap":{"0":{"loc":{"start":{"line":10,"column":6},"end":{"line":12,"column":7}},"type":"if","locations":[{"start":{"line":10,"column":6},"end":{"line":12,"column":7}},{"start":{},"end":{}}],"line":10},"1":{"loc":{"start":{"line":19,"column":6},"end":{"line":29,"column":7}},"type":"if","locations":[{"start":{"line":19,"column":6},"end":{"line":29,"column":7}},{"start":{},"end":{}}],"line":19}},"s":{"0":1,"1":0,"2":0,"3":0,"4":0},"f":{"0":0,"1":0},"b":{"0":[0,0],"1":[0,0]},"_coverageSchema":"1a1c01bbd47fc00a2c39e90264f33305004495a9","hash":"7a09f980b3c06f52fdb1360cca7ea52ceadeefb9"}
,"C:\\College Committies\\Unicode Lp_tasks\\Task1\\models\\Job.js": {"path":"C:\\College Committies\\Unicode Lp_tasks\\Task1\\models\\Job.js","statementMap":{"0":{"start":{"line":3,"column":18},"end":{"line":43,"column":2}}},"fnMap":{},"branchMap":{},"s":{"0":1},"f":{},"b":{},"_coverageSchema":"1a1c01bbd47fc00a2c39e90264f33305004495a9","hash":"4a470e5a89aa34f76b651fc493f0e7aa1bd2c2c8"}
,"C:\\College Committies\\Unicode Lp_tasks\\Task1\\models\\Recruiter.js": {"path":"C:\\College Committies\\Unicode Lp_tasks\\Task1\\models\\Recruiter.js","statementMap":{"0":{"start":{"line":4,"column":24},"end":{"line":66,"column":2}},"1":{"start":{"line":21,"column":6},"end":{"line":23,"column":7}},"2":{"start":{"line":22,"column":8},"end":{"line":22,"column":44}},"3":{"start":{"line":30,"column":6},"end":{"line":40,"column":7}},"4":{"start":{"line":39,"column":8},"end":{"line":39,"column":51}}},"fnMap":{"0":{"name":"(anonymous_0)","decl":{"start":{"line":20,"column":4},"end":{"line":20,"column":5}},"loc":{"start":{"line":20,"column":20},"end":{"line":24,"column":5}},"line":20},"1":{"name":"(anonymous_1)","decl":{"start":{"line":29,"column":4},"end":{"line":29,"column":5}},"loc":{"start":{"line":29,"column":20},"end":{"line":41,"column":5}},"line":29}},"branchMap":{"0":{"loc":{"start":{"line":21,"column":6},"end":{"line":23,"column":7}},"type":"if","locations":[{"start":{"line":21,"column":6},"end":{"line":23,"column":7}},{"start":{},"end":{}}],"line":21},"1":{"loc":{"start":{"line":30,"column":6},"end":{"line":40,"column":7}},"type":"if","locations":[{"start":{"line":30,"column":6},"end":{"line":40,"column":7}},{"start":{},"end":{}}],"line":30}},"s":{"0":1,"1":0,"2":0,"3":0,"4":0},"f":{"0":0,"1":0},"b":{"0":[0,0],"1":[0,0]},"_coverageSchema":"1a1c01bbd47fc00a2c39e90264f33305004495a9","hash":"1e413f1c8b1d2f6e81deb2d369d7c2e009bd37ed"}
,"C:\\College Committies\\Unicode Lp_tasks\\Task1\\models\\User.js": {"path":"C:\\College Committies\\Unicode Lp_tasks\\Task1\\models\\User.js","statementMap":{"0":{"start":{"line":4,"column":19},"end":{"line":70,"column":2}},"1":{"start":{"line":14,"column":6},"end":{"line":16,"column":7}},"2":{"start":{"line":15,"column":8},"end":{"line":15,"column":44}},"3":{"start":{"line":23,"column":6},"end":{"line":33,"column":7}},"4":{"start":{"line":32,"column":8},"end":{"line":32,"column":51}},"5":{"start":{"line":72,"column":13},"end":{"line":72,"column":47}}},"fnMap":{"0":{"name":"(anonymous_0)","decl":{"start":{"line":13,"column":4},"end":{"line":13,"column":5}},"loc":{"start":{"line":13,"column":20},"end":{"line":17,"column":5}},"line":13},"1":{"name":"(anonymous_1)","decl":{"start":{"line":22,"column":4},"end":{"line":22,"column":5}},"loc":{"start":{"line":22,"column":20},"end":{"line":34,"column":5}},"line":22}},"branchMap":{"0":{"loc":{"start":{"line":14,"column":6},"end":{"line":16,"column":7}},"type":"if","locations":[{"start":{"line":14,"column":6},"end":{"line":16,"column":7}},{"start":{},"end":{}}],"line":14},"1":{"loc":{"start":{"line":23,"column":6},"end":{"line":33,"column":7}},"type":"if","locations":[{"start":{"line":23,"column":6},"end":{"line":33,"column":7}},{"start":{},"end":{}}],"line":23}},"s":{"0":1,"1":0,"2":0,"3":0,"4":0,"5":1},"f":{"0":0,"1":0},"b":{"0":[0,0],"1":[0,0]},"_coverageSchema":"1a1c01bbd47fc00a2c39e90264f33305004495a9","hash":"fd9419f8ffa93f57cd80885d28eca84a2ba833cf"}
,"C:\\College Committies\\Unicode Lp_tasks\\Task1\\models\\follower.js": {"path":"C:\\College Committies\\Unicode Lp_tasks\\Task1\\models\\follower.js","statementMap":{"0":{"start":{"line":3,"column":23},"end":{"line":21,"column":2}}},"fnMap":{},"branchMap":{},"s":{"0":1},"f":{},"b":{},"_coverageSchema":"1a1c01bbd47fc00a2c39e90264f33305004495a9","hash":"635a4a67df46c41485b5e94e96083c5f9b04e7bf"}
,"C:\\College Committies\\Unicode Lp_tasks\\Task1\\routes\\CompanyR.js": {"path":"C:\\College Committies\\Unicode Lp_tasks\\Task1\\routes\\CompanyR.js","statementMap":{"0":{"start":{"line":31,"column":15},"end":{"line":31,"column":31}},"1":{"start":{"line":33,"column":0},"end":{"line":33,"column":38}},"2":{"start":{"line":34,"column":0},"end":{"line":34,"column":36}},"3":{"start":{"line":35,"column":0},"end":{"line":35,"column":52}},"4":{"start":{"line":36,"column":0},"end":{"line":36,"column":53}},"5":{"start":{"line":37,"column":0},"end":{"line":37,"column":56}},"6":{"start":{"line":38,"column":0},"end":{"line":38,"column":58}},"7":{"start":{"line":39,"column":0},"end":{"line":39,"column":55}},"8":{"start":{"line":40,"column":0},"end":{"line":40,"column":44}},"9":{"start":{"line":41,"column":0},"end":{"line":41,"column":48}},"10":{"start":{"line":42,"column":0},"end":{"line":42,"column":62}},"11":{"start":{"line":43,"column":0},"end":{"line":43,"column":58}},"12":{"start":{"line":44,"column":0},"end":{"line":44,"column":46}},"13":{"start":{"line":45,"column":0},"end":{"line":45,"column":54}},"14":{"start":{"line":46,"column":0},"end":{"line":46,"column":57}},"15":{"start":{"line":47,"column":0},"end":{"line":47,"column":59}},"16":{"start":{"line":48,"column":0},"end":{"line":48,"column":68}},"17":{"start":{"line":49,"column":0},"end":{"line":49,"column":61}}},"fnMap":{},"branchMap":{},"s":{"0":1,"1":1,"2":1,"3":1,"4":1,"5":1,"6":1,"7":1,"8":1,"9":1,"10":1,"11":1,"12":1,"13":1,"14":1,"15":1,"16":1,"17":1},"f":{},"b":{},"_coverageSchema":"1a1c01bbd47fc00a2c39e90264f33305004495a9","hash":"d5532adb45f98a1a5a4040f603654093f3660d0b"}
,"C:\\College Committies\\Unicode Lp_tasks\\Task1\\routes\\RecruiterR.js": {"path":"C:\\College Committies\\Unicode Lp_tasks\\Task1\\routes\\RecruiterR.js","statementMap":{"0":{"start":{"line":18,"column":15},"end":{"line":18,"column":31}},"1":{"start":{"line":20,"column":0},"end":{"line":20,"column":40}},"2":{"start":{"line":21,"column":0},"end":{"line":21,"column":38}},"3":{"start":{"line":22,"column":0},"end":{"line":22,"column":52}},"4":{"start":{"line":23,"column":0},"end":{"line":23,"column":61}},"5":{"start":{"line":24,"column":0},"end":{"line":24,"column":55}},"6":{"start":{"line":25,"column":0},"end":{"line":25,"column":58}},"7":{"start":{"line":26,"column":0},"end":{"line":26,"column":57}},"8":{"start":{"line":27,"column":0},"end":{"line":27,"column":62}},"9":{"start":{"line":28,"column":0},"end":{"line":28,"column":56}},"10":{"start":{"line":29,"column":0},"end":{"line":29,"column":56}},"11":{"start":{"line":30,"column":0},"end":{"line":30,"column":64}}},"fnMap":{},"branchMap":{},"s":{"0":1,"1":1,"2":1,"3":1,"4":1,"5":1,"6":1,"7":1,"8":1,"9":1,"10":1,"11":1},"f":{},"b":{},"_coverageSchema":"1a1c01bbd47fc00a2c39e90264f33305004495a9","hash":"7946940a6d921af480b05c211525e5f619731b94"}
,"C:\\College Committies\\Unicode Lp_tasks\\Task1\\routes\\UserR.js": {"path":"C:\\College Committies\\Unicode Lp_tasks\\Task1\\routes\\UserR.js","statementMap":{"0":{"start":{"line":2,"column":15},"end":{"line":2,"column":31}},"1":{"start":{"line":34,"column":0},"end":{"line":34,"column":45}},"2":{"start":{"line":35,"column":0},"end":{"line":35,"column":56}},"3":{"start":{"line":36,"column":0},"end":{"line":36,"column":29}},"4":{"start":{"line":37,"column":0},"end":{"line":37,"column":55}},"5":{"start":{"line":38,"column":0},"end":{"line":38,"column":58}},"6":{"start":{"line":39,"column":0},"end":{"line":39,"column":79}},"7":{"start":{"line":40,"column":0},"end":{"line":40,"column":79}},"8":{"start":{"line":41,"column":0},"end":{"line":41,"column":42}},"9":{"start":{"line":42,"column":0},"end":{"line":42,"column":41}},"10":{"start":{"line":43,"column":0},"end":{"line":43,"column":45}},"11":{"start":{"line":44,"column":0},"end":{"line":44,"column":59}},"12":{"start":{"line":45,"column":0},"end":{"line":45,"column":55}},"13":{"start":{"line":46,"column":0},"end":{"line":46,"column":49}},"14":{"start":{"line":47,"column":0},"end":{"line":47,"column":50}},"15":{"start":{"line":48,"column":0},"end":{"line":48,"column":50}},"16":{"start":{"line":49,"column":0},"end":{"line":49,"column":55}},"17":{"start":{"line":50,"column":0},"end":{"line":50,"column":52}},"18":{"start":{"line":51,"column":0},"end":{"line":51,"column":57}}},"fnMap":{},"branchMap":{},"s":{"0":1,"1":1,"2":1,"3":1,"4":1,"5":1,"6":1,"7":1,"8":1,"9":1,"10":1,"11":1,"12":1,"13":1,"14":1,"15":1,"16":1,"17":1,"18":1},"f":{},"b":{},"_coverageSchema":"1a1c01bbd47fc00a2c39e90264f33305004495a9","hash":"dcec4a575ad97f1e13b6ad31a6bd4d89a5b9d88c"}
}
